  main.cpp
D:\Academic\Codes\CPP\chess\include\piece\Piece.h(5,10): warning C4067: unexpected tokens following preprocessor directive - expected a newline
  (compiling source file 'main.cpp')
  
  Arrow.cpp
D:\Academic\Codes\CPP\chess\src\Arrow.cpp(4,10): warning C4067: unexpected tokens following preprocessor directive - expected a newline
D:\Academic\Codes\CPP\chess\include\piece\Piece.h(5,10): warning C4067: unexpected tokens following preprocessor directive - expected a newline
  (compiling source file 'src/Arrow.cpp')
  
D:\Academic\Codes\CPP\chess\src\Arrow.cpp(19,10): warning C4244: 'initializing': conversion from 'int' to 'float', possible loss of data
D:\Academic\Codes\CPP\chess\src\Arrow.cpp(20,10): warning C4244: 'initializing': conversion from 'int' to 'float', possible loss of data
D:\Academic\Codes\CPP\chess\src\Arrow.cpp(22,13): warning C4244: 'initializing': conversion from 'int' to 'float', possible loss of data
D:\Academic\Codes\CPP\chess\src\Arrow.cpp(23,13): warning C4244: 'initializing': conversion from 'int' to 'float', possible loss of data
  Game.cpp
D:\Academic\Codes\CPP\chess\include\piece\Piece.h(5,10): warning C4067: unexpected tokens following preprocessor directive - expected a newline
  (compiling source file 'src/Game.cpp')
  
D:\Academic\Codes\CPP\chess\src\Game.cpp(46,24): warning C4267: 'argument': conversion from 'size_t' to 'int', possible loss of data
D:\Academic\Codes\CPP\chess\src\Game.cpp(50,24): warning C4267: 'argument': conversion from 'size_t' to 'int', possible loss of data
D:\Academic\Codes\CPP\chess\src\Game.cpp(131,13): warning C4267: 'initializing': conversion from 'size_t' to 'int', possible loss of data
D:\Academic\Codes\CPP\chess\src\Game.cpp(168,58): warning C4244: 'argument': conversion from 'float' to 'int', possible loss of data
D:\Academic\Codes\CPP\chess\src\Game.cpp(168,46): warning C4244: 'argument': conversion from 'float' to 'int', possible loss of data
D:\Academic\Codes\CPP\chess\src\Game.cpp(191,59): warning C4244: 'argument': conversion from 'float' to 'int', possible loss of data
D:\Academic\Codes\CPP\chess\src\Game.cpp(191,47): warning C4244: 'argument': conversion from 'float' to 'int', possible loss of data
D:\Academic\Codes\CPP\chess\src\Game.cpp(198,41): warning C4244: 'argument': conversion from 'float' to 'int', possible loss of data
D:\Academic\Codes\CPP\chess\src\Game.cpp(198,30): warning C4244: 'argument': conversion from 'float' to 'int', possible loss of data
D:\Academic\Codes\CPP\chess\src\Game.cpp(213,48): warning C4244: 'argument': conversion from 'float' to 'int', possible loss of data
D:\Academic\Codes\CPP\chess\src\Game.cpp(213,71): warning C4244: 'argument': conversion from 'float' to 'int', possible loss of data
D:\Academic\Codes\CPP\chess\src\Game.cpp(219,47): warning C4244: 'argument': conversion from 'float' to 'int', possible loss of data
D:\Academic\Codes\CPP\chess\src\Game.cpp(219,71): warning C4244: 'argument': conversion from 'float' to 'int', possible loss of data
D:\Academic\Codes\CPP\chess\src\Game.cpp(285,40): warning C4267: '+=': conversion from 'size_t' to 'int', possible loss of data
D:\Academic\Codes\CPP\chess\src\Game.cpp(415,14): warning C4244: 'initializing': conversion from 'int' to 'float', possible loss of data
D:\Academic\Codes\CPP\chess\src\Game.cpp(416,14): warning C4244: 'initializing': conversion from 'int' to 'float', possible loss of data
D:\Academic\Codes\CPP\chess\src\Game.cpp(417,23): warning C4244: 'argument': conversion from 'float' to 'int', possible loss of data
D:\Academic\Codes\CPP\chess\src\Game.cpp(417,19): warning C4244: 'argument': conversion from 'float' to 'int', possible loss of data
D:\Academic\Codes\CPP\chess\src\Game.cpp(422,14): warning C4244: 'initializing': conversion from 'int' to 'float', possible loss of data
D:\Academic\Codes\CPP\chess\src\Game.cpp(423,14): warning C4244: 'initializing': conversion from 'int' to 'float', possible loss of data
D:\Academic\Codes\CPP\chess\src\Game.cpp(424,23): warning C4244: 'argument': conversion from 'float' to 'int', possible loss of data
D:\Academic\Codes\CPP\chess\src\Game.cpp(424,19): warning C4244: 'argument': conversion from 'float' to 'int', possible loss of data
  Bishop.cpp
D:\Academic\Codes\CPP\chess\src\piece\Bishop.cpp(1,10): warning C4067: unexpected tokens following preprocessor directive - expected a newline
D:\Academic\Codes\CPP\chess\include\piece\Piece.h(5,10): warning C4067: unexpected tokens following preprocessor directive - expected a newline
  (compiling source file 'src/piece/Bishop.cpp')
  
  King.cpp
D:\Academic\Codes\CPP\chess\src\piece\King.cpp(1,10): warning C4067: unexpected tokens following preprocessor directive - expected a newline
D:\Academic\Codes\CPP\chess\include\piece\Piece.h(5,10): warning C4067: unexpected tokens following preprocessor directive - expected a newline
  (compiling source file 'src/piece/King.cpp')
  
  Knight.cpp
D:\Academic\Codes\CPP\chess\src\piece\Knight.cpp(1,10): warning C4067: unexpected tokens following preprocessor directive - expected a newline
D:\Academic\Codes\CPP\chess\include\piece\Piece.h(5,10): warning C4067: unexpected tokens following preprocessor directive - expected a newline
  (compiling source file 'src/piece/Knight.cpp')
  
  Pawn.cpp
D:\Academic\Codes\CPP\chess\src\piece\Pawn.cpp(1,10): warning C4067: unexpected tokens following preprocessor directive - expected a newline
D:\Academic\Codes\CPP\chess\include\piece\Piece.h(5,10): warning C4067: unexpected tokens following preprocessor directive - expected a newline
  (compiling source file 'src/piece/Pawn.cpp')
  
  Piece.cpp
D:\Academic\Codes\CPP\chess\include\piece\Piece.h(5,10): warning C4067: unexpected tokens following preprocessor directive - expected a newline
  (compiling source file 'src/piece/Piece.cpp')
  
D:\Academic\Codes\CPP\chess\src\piece\Piece.cpp(7,10): warning C4067: unexpected tokens following preprocessor directive - expected a newline
D:\Academic\Codes\CPP\chess\src\piece\Piece.cpp(130,15): warning C4267: 'initializing': conversion from 'size_t' to 'int', possible loss of data
D:\Academic\Codes\CPP\chess\src\piece\Piece.cpp(315,14): warning C4267: 'initializing': conversion from 'size_t' to 'int', possible loss of data
D:\Academic\Codes\CPP\chess\src\piece\Piece.cpp(371,14): warning C4267: 'initializing': conversion from 'size_t' to 'int', possible loss of data
D:\Academic\Codes\CPP\chess\src\piece\Piece.cpp(381,13): warning C4267: 'initializing': conversion from 'size_t' to 'int', possible loss of data
D:\Academic\Codes\CPP\chess\src\piece\Piece.cpp(408,12): warning C4244: 'initializing': conversion from 'int' to 'float', possible loss of data
D:\Academic\Codes\CPP\chess\src\piece\Piece.cpp(409,12): warning C4244: 'initializing': conversion from 'int' to 'float', possible loss of data
D:\Academic\Codes\CPP\chess\src\piece\Piece.cpp(410,18): warning C4244: 'argument': conversion from 'float' to 'int', possible loss of data
D:\Academic\Codes\CPP\chess\src\piece\Piece.cpp(410,14): warning C4244: 'argument': conversion from 'float' to 'int', possible loss of data
D:\Academic\Codes\CPP\chess\src\piece\Piece.cpp(422,12): warning C4244: 'initializing': conversion from 'int' to 'float', possible loss of data
D:\Academic\Codes\CPP\chess\src\piece\Piece.cpp(423,12): warning C4244: 'initializing': conversion from 'int' to 'float', possible loss of data
D:\Academic\Codes\CPP\chess\src\piece\Piece.cpp(424,21): warning C4244: 'argument': conversion from 'float' to 'int', possible loss of data
D:\Academic\Codes\CPP\chess\src\piece\Piece.cpp(424,17): warning C4244: 'argument': conversion from 'float' to 'int', possible loss of data
D:\Academic\Codes\CPP\chess\src\piece\Piece.cpp(510,12): warning C4244: 'initializing': conversion from 'int' to 'float', possible loss of data
D:\Academic\Codes\CPP\chess\src\piece\Piece.cpp(511,12): warning C4244: 'initializing': conversion from 'int' to 'float', possible loss of data
D:\Academic\Codes\CPP\chess\src\piece\Piece.cpp(512,21): warning C4244: 'argument': conversion from 'float' to 'int', possible loss of data
D:\Academic\Codes\CPP\chess\src\piece\Piece.cpp(512,17): warning C4244: 'argument': conversion from 'float' to 'int', possible loss of data
D:\Academic\Codes\CPP\chess\src\piece\Piece.cpp(524,13): warning C4244: 'initializing': conversion from 'int' to 'float', possible loss of data
D:\Academic\Codes\CPP\chess\src\piece\Piece.cpp(525,13): warning C4244: 'initializing': conversion from 'int' to 'float', possible loss of data
D:\Academic\Codes\CPP\chess\src\piece\Piece.cpp(526,22): warning C4244: 'argument': conversion from 'float' to 'int', possible loss of data
D:\Academic\Codes\CPP\chess\src\piece\Piece.cpp(526,18): warning C4244: 'argument': conversion from 'float' to 'int', possible loss of data
D:\Academic\Codes\CPP\chess\src\piece\Piece.cpp(566,10): warning C4244: 'initializing': conversion from 'int' to 'float', possible loss of data
D:\Academic\Codes\CPP\chess\src\piece\Piece.cpp(567,10): warning C4244: 'initializing': conversion from 'int' to 'float', possible loss of data
  Queen.cpp
D:\Academic\Codes\CPP\chess\src\piece\Queen.cpp(1,10): warning C4067: unexpected tokens following preprocessor directive - expected a newline
D:\Academic\Codes\CPP\chess\include\piece\Piece.h(5,10): warning C4067: unexpected tokens following preprocessor directive - expected a newline
  (compiling source file 'src/piece/Queen.cpp')
  
  Rook.cpp
D:\Academic\Codes\CPP\chess\src\piece\Rook.cpp(1,10): warning C4067: unexpected tokens following preprocessor directive - expected a newline
D:\Academic\Codes\CPP\chess\include\piece\Piece.h(5,10): warning C4067: unexpected tokens following preprocessor directive - expected a newline
  (compiling source file 'src/piece/Rook.cpp')
  
  Generating code
  Previous IPDB not found, fall back to full compilation.
  All 547 functions were compiled because no usable IPDB/IOBJ from previous compilation was found.
  Finished generating code
  chess.vcxproj -> D:\Academic\Codes\CPP\chess\x64\Release\chess.exe
  'pwsh.exe' is not recognized as an internal or external command,
  operable program or batch file.
